<?xml version="1.0" encoding="UTF-8"?>
<testng-results skipped="0" failed="0" total="1" passed="1">
  <reporter-output>
  </reporter-output>
  <suite name="Default suite" duration-ms="47218" started-at="2019-03-19T21:59:52Z" finished-at="2019-03-19T22:00:40Z">
    <groups>
    </groups>
    <test name="Default test" duration-ms="47218" started-at="2019-03-19T21:59:52Z" finished-at="2019-03-19T22:00:40Z">
      <class name="automationpractice.com.NewUserTransaction">
        <test-method status="PASS" signature="setup()[pri:0, instance:automationpractice.com.NewUserTransaction@6bf256fa]" name="setup" is-config="true" duration-ms="10670" started-at="2019-03-20T03:29:52Z" finished-at="2019-03-20T03:30:03Z">
          <reporter-output>
          </reporter-output>
        </test-method> <!-- setup -->
        <test-method status="PASS" signature="SucessfulTransaction()[pri:1, instance:automationpractice.com.NewUserTransaction@6bf256fa]" name="SucessfulTransaction" duration-ms="31689" started-at="2019-03-20T03:30:03Z" finished-at="2019-03-20T03:30:35Z">
          <reporter-output>
          </reporter-output>
        </test-method> <!-- SucessfulTransaction -->
        <test-method status="PASS" signature="closeAll()[pri:0, instance:automationpractice.com.NewUserTransaction@6bf256fa]" name="closeAll" is-config="true" duration-ms="4847" started-at="2019-03-20T03:30:35Z" finished-at="2019-03-20T03:30:40Z">
          <reporter-output>
          </reporter-output>
        </test-method> <!-- closeAll -->
      </class> <!-- automationpractice.com.NewUserTransaction -->
    </test> <!-- Default test -->
  </suite> <!-- Default suite -->
</testng-results>
